{
  "RSpec": {
    "coverage": {
      "/Users/nweiland/Dropbox/Turing/projects/rails_tic_tac_toe/app/helpers/application_helper.rb": [
        1,
        null
      ],
      "/Users/nweiland/Dropbox/Turing/projects/rails_tic_tac_toe/app/helpers/game_helper.rb": [
        1,
        null
      ],
      "/Users/nweiland/Dropbox/Turing/projects/rails_tic_tac_toe/app/models/game.rb": [
        1,
        1,
        1,
        null,
        1,
        8,
        null,
        null,
        1,
        7,
        7,
        null,
        null,
        1,
        7,
        7,
        1,
        null,
        6,
        null,
        null,
        null,
        1,
        6,
        5,
        4,
        3,
        null,
        null,
        1,
        3,
        3,
        3,
        null,
        null,
        1,
        3,
        2,
        1,
        0,
        null,
        null,
        1,
        1,
        null,
        null,
        1,
        4,
        null,
        null,
        1,
        5,
        null,
        null,
        1,
        0,
        0,
        null,
        null,
        null,
        1,
        2,
        18,
        null,
        null,
        null,
        1,
        18,
        null,
        null,
        1,
        1,
        null,
        null,
        1,
        1,
        null,
        null,
        1,
        1,
        null,
        null,
        1,
        1,
        null,
        null,
        1,
        6,
        null,
        null,
        1,
        5,
        null,
        null,
        1,
        2,
        null,
        null,
        1,
        2,
        8,
        null,
        null,
        null,
        1,
        13,
        104,
        null,
        null,
        null,
        1,
        6,
        17,
        null,
        null,
        null,
        1,
        5,
        10,
        null,
        null,
        null,
        1,
        16,
        144,
        null,
        null,
        null,
        1,
        34,
        34,
        null,
        null,
        null,
        1,
        7,
        null,
        null,
        1,
        0,
        null,
        null,
        1,
        5,
        40,
        120,
        null,
        40,
        null,
        4,
        null,
        null,
        1,
        1,
        1,
        null,
        0,
        null,
        null,
        null,
        1,
        0,
        null,
        null,
        1,
        null,
        null,
        null,
        null,
        null,
        null,
        null,
        null,
        8,
        null,
        null,
        1,
        null,
        null,
        null,
        null,
        null,
        null,
        null,
        null,
        13,
        null,
        null,
        1,
        null,
        null,
        null,
        null,
        0,
        null,
        null,
        1,
        null,
        null,
        null,
        null,
        null,
        null,
        null,
        null,
        null,
        1,
        null,
        null
      ],
      "/Users/nweiland/Dropbox/Turing/projects/rails_tic_tac_toe/app/controllers/application_controller.rb": [
        0,
        0,
        0,
        0,
        0,
        0,
        0,
        0
      ],
      "/Users/nweiland/Dropbox/Turing/projects/rails_tic_tac_toe/app/controllers/game_controller.rb": [
        0,
        0,
        0,
        0,
        0,
        0,
        0,
        0,
        0,
        0,
        0,
        0,
        0,
        0,
        0,
        0,
        0,
        0,
        0,
        0,
        0,
        0,
        0,
        0,
        0,
        0,
        0,
        0,
        0,
        0,
        0,
        0,
        0,
        0
      ]
    },
    "timestamp": 1460343803
  }
}
