{
  "RSpec": {
    "coverage": {
      "/Users/nweiland/Dropbox/Turing/projects/rails_tic_tac_toe/app/helpers/application_helper.rb": [
        1,
        null
      ],
      "/Users/nweiland/Dropbox/Turing/projects/rails_tic_tac_toe/app/helpers/game_helper.rb": [
        1,
        null
      ],
      "/Users/nweiland/Dropbox/Turing/projects/rails_tic_tac_toe/app/models/game.rb": [
        1,
        1,
        1,
        null,
        1,
        2,
        null,
        null,
        1,
        3,
        3,
        null,
        null,
        1,
        3,
        3,
        1,
        null,
        2,
        null,
        null,
        null,
        1,
        2,
        1,
        0,
        0,
        null,
        null,
        1,
        1,
        1,
        1,
        null,
        null,
        1,
        1,
        null,
        null,
        1,
        2,
        null,
        null,
        1,
        2,
        16,
        null,
        null,
        null,
        1,
        2,
        10,
        null,
        null,
        null,
        1,
        3,
        27,
        null,
        null,
        null,
        1,
        3,
        null,
        null,
        1,
        0,
        null,
        null,
        1,
        1,
        8,
        24,
        null,
        8,
        null,
        0,
        null,
        null,
        1,
        null,
        null,
        null,
        null,
        null,
        null,
        null,
        null,
        2,
        null,
        null,
        1,
        null,
        null,
        null,
        null,
        null,
        null,
        null,
        null,
        2,
        null,
        null,
        1,
        null,
        null,
        null,
        null,
        null,
        null,
        null,
        null,
        null,
        1,
        null,
        null
      ],
      "/Users/nweiland/Dropbox/Turing/projects/rails_tic_tac_toe/app/controllers/application_controller.rb": [
        0,
        0,
        0,
        0,
        0,
        0,
        0,
        0
      ],
      "/Users/nweiland/Dropbox/Turing/projects/rails_tic_tac_toe/app/controllers/game_controller.rb": [
        0,
        0,
        0,
        0,
        0,
        0,
        0,
        0,
        0,
        0,
        0,
        0,
        0,
        0,
        0,
        0,
        0,
        0,
        0,
        0,
        0,
        0,
        0,
        0,
        0,
        0,
        0,
        0,
        0
      ]
    },
    "timestamp": 1460337108
  }
}
